TN:
SF:src\config\database.js
FN:26,(anonymous_0)
FN:38,(anonymous_1)
FNF:2
FNH:0
FNDA:0,(anonymous_0)
FNDA:0,(anonymous_1)
DA:1,0
DA:2,0
DA:4,0
DA:26,0
DA:27,0
DA:28,0
DA:29,0
DA:30,0
DA:32,0
DA:33,0
DA:38,0
DA:39,0
DA:40,0
DA:41,0
DA:43,0
DA:44,0
DA:48,0
LF:17
LH:0
BRDA:11,0,0,0
BRDA:11,0,1,0
BRDA:38,1,0,0
BRF:3
BRH:0
end_of_record
TN:
SF:src\config\env.js
FNF:0
FNH:0
DA:1,0
DA:3,0
LF:2
LH:0
BRDA:4,0,0,0
BRDA:4,0,1,0
BRDA:5,1,0,0
BRDA:5,1,1,0
BRDA:8,2,0,0
BRDA:8,2,1,0
BRDA:9,3,0,0
BRDA:9,3,1,0
BRDA:10,4,0,0
BRDA:10,4,1,0
BRDA:11,5,0,0
BRDA:11,5,1,0
BRDA:12,6,0,0
BRDA:12,6,1,0
BRDA:15,7,0,0
BRDA:15,7,1,0
BRDA:16,8,0,0
BRDA:16,8,1,0
BRDA:19,9,0,0
BRDA:19,9,1,0
BRDA:20,10,0,0
BRDA:20,10,1,0
BRDA:29,11,0,0
BRDA:29,11,1,0
BRF:24
BRH:0
end_of_record
TN:
SF:src\controllers\categoryController.js
FN:9,(anonymous_0)
FN:29,(anonymous_1)
FN:51,(anonymous_2)
FN:83,(anonymous_3)
FNF:4
FNH:0
FNDA:0,(anonymous_0)
FNDA:0,(anonymous_1)
FNDA:0,(anonymous_2)
FNDA:0,(anonymous_3)
DA:1,0
DA:2,0
DA:10,0
DA:11,0
DA:16,0
DA:21,0
DA:30,0
DA:31,0
DA:33,0
DA:38,0
DA:43,0
DA:52,0
DA:53,0
DA:55,0
DA:56,0
DA:62,0
DA:70,0
DA:75,0
DA:84,0
DA:85,0
DA:87,0
DA:88,0
DA:94,0
DA:97,0
DA:98,0
DA:99,0
DA:106,0
DA:111,0
DA:117,0
DA:122,0
LF:30
LH:0
BRDA:31,0,0,0
BRDA:55,1,0,0
BRDA:55,1,1,0
BRDA:55,2,0,0
BRDA:55,2,1,0
BRDA:87,3,0,0
BRDA:87,3,1,0
BRDA:98,4,0,0
BRDA:98,4,1,0
BRF:9
BRH:0
end_of_record
TN:
SF:src\controllers\favoriteController.js
FN:8,(anonymous_0)
FN:43,(anonymous_1)
FN:64,(anonymous_2)
FN:113,(anonymous_3)
FN:144,(anonymous_4)
FN:167,(anonymous_5)
FNF:6
FNH:0
FNDA:0,(anonymous_0)
FNDA:0,(anonymous_1)
FNDA:0,(anonymous_2)
FNDA:0,(anonymous_3)
FNDA:0,(anonymous_4)
FNDA:0,(anonymous_5)
DA:1,0
DA:9,0
DA:10,0
DA:11,0
DA:12,0
DA:14,0
DA:41,0
DA:43,0
DA:56,0
DA:65,0
DA:66,0
DA:67,0
DA:70,0
DA:74,0
DA:75,0
DA:82,0
DA:86,0
DA:87,0
DA:94,0
DA:99,0
DA:105,0
DA:114,0
DA:115,0
DA:116,0
DA:118,0
DA:122,0
DA:123,0
DA:129,0
DA:131,0
DA:136,0
DA:145,0
DA:146,0
DA:147,0
DA:149,0
DA:153,0
DA:159,0
DA:168,0
DA:169,0
DA:171,0
DA:180,0
DA:185,0
DA:190,0
LF:42
LH:0
BRDA:11,0,0,0
BRDA:11,1,0,0
BRDA:74,2,0,0
BRDA:74,2,1,0
BRDA:86,3,0,0
BRDA:86,3,1,0
BRDA:122,4,0,0
BRDA:122,4,1,0
BRDA:156,5,0,0
BRDA:156,5,1,0
BRF:10
BRH:0
end_of_record
TN:
SF:src\controllers\ratingController.js
FN:9,(anonymous_0)
FN:71,(anonymous_1)
FN:98,(anonymous_2)
FN:144,(anonymous_3)
FN:166,(anonymous_4)
FN:197,(anonymous_5)
FNF:6
FNH:0
FNDA:0,(anonymous_0)
FNDA:0,(anonymous_1)
FNDA:0,(anonymous_2)
FNDA:0,(anonymous_3)
FNDA:0,(anonymous_4)
FNDA:0,(anonymous_5)
DA:1,0
DA:2,0
DA:10,0
DA:12,0
DA:13,0
DA:14,0
DA:15,0
DA:18,0
DA:19,0
DA:20,0
DA:27,0
DA:32,0
DA:33,0
DA:34,0
DA:41,0
DA:46,0
DA:48,0
DA:50,0
DA:56,0
DA:65,0
DA:71,0
DA:73,0
DA:77,0
DA:79,0
DA:89,0
DA:90,0
DA:99,0
DA:100,0
DA:101,0
DA:102,0
DA:104,0
DA:113,0
DA:124,0
DA:136,0
DA:145,0
DA:146,0
DA:147,0
DA:149,0
DA:153,0
DA:158,0
DA:167,0
DA:169,0
DA:170,0
DA:171,0
DA:173,0
DA:178,0
DA:179,0
DA:180,0
DA:186,0
DA:189,0
DA:190,0
DA:196,0
DA:197,0
DA:200,0
DA:204,0
DA:206,0
DA:211,0
DA:212,0
DA:217,0
LF:59
LH:0
BRDA:18,0,0,0
BRDA:18,0,1,0
BRDA:18,1,0,0
BRDA:18,1,1,0
BRDA:18,1,2,0
BRDA:32,2,0,0
BRDA:32,2,1,0
BRDA:48,3,0,0
BRDA:48,3,1,0
BRDA:52,4,0,0
BRDA:52,4,1,0
BRDA:60,5,0,0
BRDA:60,5,1,0
BRDA:81,6,0,0
BRDA:81,6,1,0
BRDA:101,7,0,0
BRDA:101,8,0,0
BRDA:178,9,0,0
BRDA:178,9,1,0
BRDA:196,10,0,0
BRDA:196,10,1,0
BRF:21
BRH:0
end_of_record
TN:
SF:src\controllers\repositoryController.js
FN:9,(anonymous_0)
FN:47,(anonymous_1)
FN:80,(anonymous_2)
FN:107,(anonymous_3)
FN:134,(anonymous_4)
FN:194,(anonymous_5)
FN:266,(anonymous_6)
FN:311,(anonymous_7)
FN:349,(anonymous_8)
FN:395,(anonymous_9)
FN:429,(anonymous_10)
FNF:11
FNH:0
FNDA:0,(anonymous_0)
FNDA:0,(anonymous_1)
FNDA:0,(anonymous_2)
FNDA:0,(anonymous_3)
FNDA:0,(anonymous_4)
FNDA:0,(anonymous_5)
FNDA:0,(anonymous_6)
FNDA:0,(anonymous_7)
FNDA:0,(anonymous_8)
FNDA:0,(anonymous_9)
FNDA:0,(anonymous_10)
DA:1,0
DA:2,0
DA:10,0
DA:18,0
DA:20,0
DA:21,0
DA:23,0
DA:24,0
DA:25,0
DA:31,0
DA:46,0
DA:47,0
DA:48,0
DA:51,0
DA:61,0
DA:72,0
DA:81,0
DA:82,0
DA:84,0
DA:94,0
DA:99,0
DA:108,0
DA:109,0
DA:111,0
DA:121,0
DA:126,0
DA:135,0
DA:136,0
DA:137,0
DA:138,0
DA:140,0
DA:142,0
DA:172,0
DA:174,0
DA:185,0
DA:186,0
DA:195,0
DA:196,0
DA:197,0
DA:199,0
DA:221,0
DA:222,0
DA:229,0
DA:232,0
DA:233,0
DA:234,0
DA:235,0
DA:238,0
DA:242,0
DA:243,0
DA:244,0
DA:249,0
DA:258,0
DA:267,0
DA:268,0
DA:269,0
DA:271,0
DA:273,0
DA:274,0
DA:281,0
DA:282,0
DA:284,0
DA:285,0
DA:289,0
DA:290,0
DA:291,0
DA:292,0
DA:294,0
DA:299,0
DA:309,0
DA:310,0
DA:312,0
DA:313,0
DA:317,0
DA:318,0
DA:321,0
DA:325,0
DA:332,0
DA:334,0
DA:340,0
DA:341,0
DA:350,0
DA:351,0
DA:352,0
DA:353,0
DA:355,0
DA:359,0
DA:360,0
DA:367,0
DA:368,0
DA:369,0
DA:370,0
DA:374,0
DA:375,0
DA:376,0
DA:377,0
DA:379,0
DA:384,0
DA:393,0
DA:394,0
DA:396,0
DA:397,0
DA:401,0
DA:402,0
DA:405,0
DA:408,0
DA:415,0
DA:421,0
DA:430,0
DA:431,0
DA:432,0
DA:434,0
DA:438,0
DA:439,0
DA:445,0
DA:447,0
DA:452,0
DA:457,0
LF:118
LH:0
BRDA:12,0,0,0
BRDA:13,1,0,0
BRDA:17,2,0,0
BRDA:23,3,0,0
BRDA:23,3,1,0
BRDA:24,4,0,0
BRDA:24,4,1,0
BRDA:46,5,0,0
BRDA:46,5,1,0
BRDA:82,6,0,0
BRDA:82,7,0,0
BRDA:109,8,0,0
BRDA:137,9,0,0
BRDA:137,10,0,0
BRDA:221,11,0,0
BRDA:221,11,1,0
BRDA:233,12,0,0
BRDA:233,12,1,0
BRDA:243,13,0,0
BRDA:243,13,1,0
BRDA:269,14,0,0
BRDA:273,15,0,0
BRDA:273,15,1,0
BRDA:282,16,0,0
BRDA:282,16,1,0
BRDA:290,17,0,0
BRDA:290,17,1,0
BRDA:302,18,0,0
BRDA:302,18,1,0
BRDA:303,19,0,0
BRDA:303,19,1,0
BRDA:304,20,0,0
BRDA:304,20,1,0
BRDA:309,21,0,0
BRDA:309,21,1,0
BRDA:309,22,0,0
BRDA:309,22,1,0
BRDA:309,22,2,0
BRDA:359,23,0,0
BRDA:359,23,1,0
BRDA:368,24,0,0
BRDA:368,24,1,0
BRDA:375,25,0,0
BRDA:375,25,1,0
BRDA:385,26,0,0
BRDA:385,26,1,0
BRDA:386,27,0,0
BRDA:386,27,1,0
BRDA:387,28,0,0
BRDA:387,28,1,0
BRDA:388,29,0,0
BRDA:388,29,1,0
BRDA:388,30,0,0
BRDA:388,30,1,0
BRDA:393,31,0,0
BRDA:393,31,1,0
BRDA:393,32,0,0
BRDA:393,32,1,0
BRDA:438,33,0,0
BRDA:438,33,1,0
BRF:60
BRH:0
end_of_record
TN:
SF:src\controllers\resourceController.js
FN:11,(anonymous_0)
FN:43,(anonymous_1)
FN:76,(anonymous_2)
FN:149,(anonymous_3)
FN:214,(anonymous_4)
FN:253,(anonymous_5)
FN:310,(anonymous_6)
FN:326,(anonymous_7)
FNF:8
FNH:0
FNDA:0,(anonymous_0)
FNDA:0,(anonymous_1)
FNDA:0,(anonymous_2)
FNDA:0,(anonymous_3)
FNDA:0,(anonymous_4)
FNDA:0,(anonymous_5)
FNDA:0,(anonymous_6)
FNDA:0,(anonymous_7)
DA:1,0
DA:2,0
DA:3,0
DA:4,0
DA:12,0
DA:13,0
DA:15,0
DA:16,0
DA:22,0
DA:23,0
DA:25,0
DA:30,0
DA:35,0
DA:44,0
DA:45,0
DA:47,0
DA:56,0
DA:57,0
DA:63,0
DA:68,0
DA:77,0
DA:78,0
DA:86,0
DA:89,0
DA:90,0
DA:97,0
DA:101,0
DA:102,0
DA:108,0
DA:117,0
DA:118,0
DA:122,0
DA:123,0
DA:124,0
DA:125,0
DA:126,0
DA:127,0
DA:133,0
DA:135,0
DA:141,0
DA:150,0
DA:151,0
DA:152,0
DA:153,0
DA:155,0
DA:160,0
DA:161,0
DA:168,0
DA:169,0
DA:175,0
DA:176,0
DA:177,0
DA:178,0
DA:179,0
DA:182,0
DA:184,0
DA:185,0
DA:186,0
DA:187,0
DA:189,0
DA:193,0
DA:194,0
DA:195,0
DA:198,0
DA:200,0
DA:206,0
DA:215,0
DA:216,0
DA:217,0
DA:219,0
DA:224,0
DA:225,0
DA:231,0
DA:232,0
DA:238,0
DA:240,0
DA:245,0
DA:254,0
DA:255,0
DA:257,0
DA:266,0
DA:267,0
DA:274,0
DA:275,0
DA:278,0
DA:279,0
DA:287,0
DA:288,0
DA:295,0
DA:297,0
DA:299,0
DA:300,0
DA:302,0
DA:303,0
DA:310,0
DA:311,0
DA:312,0
DA:313,0
DA:318,0
DA:319,0
DA:327,0
DA:328,0
DA:329,0
DA:330,0
DA:331,0
DA:335,0
LF:106
LH:0
BRDA:15,0,0,0
BRDA:15,0,1,0
BRDA:23,1,0,0
BRDA:23,1,1,0
BRDA:56,2,0,0
BRDA:56,2,1,0
BRDA:89,3,0,0
BRDA:89,3,1,0
BRDA:89,4,0,0
BRDA:89,4,1,0
BRDA:89,4,2,0
BRDA:101,5,0,0
BRDA:101,5,1,0
BRDA:111,6,0,0
BRDA:111,6,1,0
BRDA:113,7,0,0
BRDA:113,7,1,0
BRDA:117,8,0,0
BRDA:117,8,1,0
BRDA:122,9,0,0
BRDA:122,9,1,0
BRDA:126,10,0,0
BRDA:126,10,1,0
BRDA:160,11,0,0
BRDA:160,11,1,0
BRDA:168,12,0,0
BRDA:168,12,1,0
BRDA:176,13,0,0
BRDA:176,13,1,0
BRDA:177,14,0,0
BRDA:177,14,1,0
BRDA:177,15,0,0
BRDA:177,15,1,0
BRDA:178,16,0,0
BRDA:178,16,1,0
BRDA:179,17,0,0
BRDA:179,17,1,0
BRDA:182,18,0,0
BRDA:182,18,1,0
BRDA:184,19,0,0
BRDA:184,19,1,0
BRDA:224,20,0,0
BRDA:224,20,1,0
BRDA:231,21,0,0
BRDA:231,21,1,0
BRDA:266,22,0,0
BRDA:266,22,1,0
BRDA:278,23,0,0
BRDA:278,23,1,0
BRDA:287,24,0,0
BRDA:287,24,1,0
BRDA:311,25,0,0
BRDA:311,25,1,0
BRDA:327,26,0,0
BRDA:327,26,1,0
BRDA:328,27,0,0
BRDA:328,27,1,0
BRDA:329,28,0,0
BRDA:329,28,1,0
BRDA:330,29,0,0
BRDA:330,29,1,0
BRF:61
BRH:0
end_of_record
TN:
SF:src\controllers\statsController.js
FN:9,(anonymous_0)
FN:60,(anonymous_1)
FNF:2
FNH:0
FNDA:0,(anonymous_0)
FNDA:0,(anonymous_1)
DA:2,0
DA:10,0
DA:11,0
DA:14,0
DA:24,0
DA:27,0
DA:30,0
DA:31,0
DA:33,0
DA:42,0
DA:52,0
DA:61,0
DA:62,0
DA:65,0
DA:70,0
DA:82,0
DA:85,0
DA:86,0
DA:88,0
DA:104,0
DA:108,0
DA:118,0
DA:123,0
LF:23
LH:0
BRDA:104,0,0,0
BRDA:104,0,1,0
BRF:2
BRH:0
end_of_record
TN:
SF:src\middlewares\authMiddleware.js
FN:2,(anonymous_0)
FN:7,(anonymous_1)
FN:11,(anonymous_2)
FNF:3
FNH:0
FNDA:0,(anonymous_0)
FNDA:0,(anonymous_1)
FNDA:0,(anonymous_2)
DA:1,0
DA:3,0
DA:4,0
DA:8,0
DA:12,0
LF:5
LH:0
BRF:0
BRH:0
end_of_record
TN:
SF:src\middlewares\errorMiddleware.js
FN:4,(anonymous_0)
FN:12,(anonymous_1)
FN:66,(anonymous_2)
FNF:3
FNH:0
FNDA:0,(anonymous_0)
FNDA:0,(anonymous_1)
FNDA:0,(anonymous_2)
DA:4,0
DA:5,0
DA:8,0
DA:9,0
DA:12,0
DA:20,0
DA:21,0
DA:29,0
DA:30,0
DA:37,0
DA:38,0
DA:39,0
DA:44,0
DA:45,0
DA:50,0
DA:57,0
DA:66,0
DA:67,0
DA:74,0
LF:19
LH:0
BRDA:8,0,0,0
BRDA:8,0,1,0
BRDA:20,1,0,0
BRDA:20,1,1,0
BRDA:29,2,0,0
BRDA:29,2,1,0
BRDA:37,3,0,0
BRDA:37,3,1,0
BRDA:38,4,0,0
BRDA:38,4,1,0
BRDA:44,5,0,0
BRDA:44,5,1,0
BRDA:57,6,0,0
BRDA:57,6,1,0
BRDA:59,7,0,0
BRDA:59,7,1,0
BRF:16
BRH:0
end_of_record
TN:
SF:src\middlewares\uploadMiddleware.js
FN:9,(anonymous_0)
FN:17,(anonymous_1)
FN:21,(anonymous_2)
FN:31,(anonymous_3)
FN:49,(anonymous_4)
FN:59,(anonymous_5)
FN:82,(anonymous_6)
FN:86,(anonymous_7)
FNF:8
FNH:0
FNDA:0,(anonymous_0)
FNDA:0,(anonymous_1)
FNDA:0,(anonymous_2)
FNDA:0,(anonymous_3)
FNDA:0,(anonymous_4)
FNDA:0,(anonymous_5)
FNDA:0,(anonymous_6)
FNDA:0,(anonymous_7)
DA:3,0
DA:4,0
DA:5,0
DA:6,0
DA:9,0
DA:10,0
DA:11,0
DA:12,0
DA:17,0
DA:18,0
DA:19,0
DA:21,0
DA:22,0
DA:23,0
DA:28,0
DA:30,0
DA:32,0
DA:34,0
DA:35,0
DA:36,0
DA:37,0
DA:38,0
DA:39,0
DA:40,0
DA:41,0
DA:43,0
DA:46,0
DA:47,0
DA:50,0
DA:51,0
DA:52,0
DA:53,0
DA:55,0
DA:59,0
DA:60,0
DA:67,0
DA:68,0
DA:70,0
DA:74,0
DA:82,0
DA:83,0
DA:86,0
DA:87,0
DA:90,0
DA:92,0
LF:45
LH:0
BRDA:10,0,0,0
BRDA:10,0,1,0
BRDA:34,1,0,0
BRDA:34,1,1,0
BRDA:36,2,0,0
BRDA:36,2,1,0
BRDA:38,3,0,0
BRDA:38,3,1,0
BRDA:40,4,0,0
BRDA:40,4,1,0
BRDA:67,5,0,0
BRDA:67,5,1,0
BRDA:82,6,0,0
BRDA:86,7,0,0
BRDA:86,8,0,0
BRF:15
BRH:0
end_of_record
TN:
SF:src\middlewares\verifyToken.js
FN:1,(anonymous_0)
FNF:1
FNH:0
FNDA:0,(anonymous_0)
DA:1,0
DA:2,0
DA:3,0
DA:8,0
LF:4
LH:0
BRDA:2,0,0,0
BRDA:2,0,1,0
BRF:2
BRH:0
end_of_record
TN:
SF:src\models\Category.js
FNF:0
FNH:0
DA:1,0
DA:2,0
DA:4,0
DA:47,0
LF:4
LH:0
BRF:0
BRH:0
end_of_record
TN:
SF:src\models\Comment.js
FNF:0
FNH:0
DA:1,0
DA:2,0
DA:4,0
DA:64,0
DA:68,0
DA:73,0
LF:6
LH:0
BRF:0
BRH:0
end_of_record
TN:
SF:src\models\Favorite.js
FNF:0
FNH:0
DA:1,0
DA:2,0
DA:4,0
DA:42,0
LF:4
LH:0
BRF:0
BRH:0
end_of_record
TN:
SF:src\models\Rating.js
FNF:0
FNH:0
DA:1,0
DA:2,0
DA:4,0
DA:61,0
LF:4
LH:0
BRF:0
BRH:0
end_of_record
TN:
SF:src\models\Repository.js
FNF:0
FNH:0
DA:1,0
DA:2,0
DA:4,0
DA:98,0
LF:4
LH:0
BRF:0
BRH:0
end_of_record
TN:
SF:src\models\RepositoryTag.js
FNF:0
FNH:0
DA:1,0
DA:2,0
DA:4,0
DA:40,0
LF:4
LH:0
BRF:0
BRH:0
end_of_record
TN:
SF:src\models\Resource.js
FNF:0
FNH:0
DA:1,0
DA:2,0
DA:4,0
DA:84,0
LF:4
LH:0
BRF:0
BRH:0
end_of_record
TN:
SF:src\models\Tag.js
FNF:0
FNH:0
DA:1,0
DA:2,0
DA:4,0
DA:39,0
LF:4
LH:0
BRF:0
BRH:0
end_of_record
TN:
SF:src\models\index.js
FN:73,(anonymous_0)
FNF:1
FNH:0
FNDA:0,(anonymous_0)
DA:1,0
DA:2,0
DA:3,0
DA:4,0
DA:5,0
DA:6,0
DA:7,0
DA:14,0
DA:18,0
DA:24,0
DA:30,0
DA:38,0
DA:43,0
DA:49,0
DA:54,0
DA:60,0
DA:65,0
DA:73,0
DA:74,0
DA:75,0
DA:88,0
DA:89,0
DA:94,0
DA:96,0
DA:100,0
LF:25
LH:0
BRF:0
BRH:0
end_of_record
TN:
SF:src\routes\categoryRoutes.js
FNF:0
FNH:0
DA:1,0
DA:2,0
DA:3,0
DA:4,0
DA:10,0
DA:16,0
DA:22,0
DA:28,0
DA:30,0
LF:9
LH:0
BRF:0
BRH:0
end_of_record
TN:
SF:src\routes\favoriteRoutes.js
FN:6,(anonymous_0)
FNF:1
FNH:0
FNDA:0,(anonymous_0)
DA:1,0
DA:2,0
DA:3,0
DA:6,0
DA:7,0
DA:8,0
DA:14,0
DA:19,0
DA:24,0
DA:29,0
DA:31,0
LF:11
LH:0
BRF:0
BRH:0
end_of_record
TN:
SF:src\routes\repositoryRoutes.js
FNF:0
FNH:0
DA:1,0
DA:2,0
DA:3,0
DA:4,0
DA:5,0
DA:6,0
DA:16,0
DA:22,0
DA:28,0
DA:39,0
DA:45,0
DA:58,0
DA:64,0
DA:76,0
DA:91,0
DA:97,0
DA:108,0
DA:119,0
DA:126,0
LF:19
LH:0
BRF:0
BRH:0
end_of_record
TN:
SF:src\routes\resourceRoutes.js
FN:25,(anonymous_0)
FNF:1
FNH:0
FNDA:0,(anonymous_0)
DA:1,0
DA:2,0
DA:3,0
DA:4,0
DA:5,0
DA:11,0
DA:17,0
DA:23,0
DA:26,0
DA:27,0
DA:36,0
DA:48,0
DA:59,0
DA:66,0
LF:14
LH:0
BRF:0
BRH:0
end_of_record
TN:
SF:src\routes\statsRoutes.js
FNF:0
FNH:0
DA:2,0
DA:3,0
DA:4,0
DA:5,0
DA:11,0
DA:17,0
DA:19,0
LF:7
LH:0
BRF:0
BRH:0
end_of_record
TN:
SF:src\utils\validators.js
FN:46,(anonymous_0)
FN:51,(anonymous_1)
FNF:2
FNH:0
FNDA:0,(anonymous_0)
FNDA:0,(anonymous_1)
DA:1,0
DA:4,0
DA:21,0
DA:46,0
DA:47,0
DA:48,0
DA:49,0
DA:51,0
DA:57,0
DA:60,0
LF:10
LH:0
BRDA:48,0,0,0
BRDA:48,0,1,0
BRF:2
BRH:0
end_of_record
